#
# A fatal error has been detected by the Java Runtime Environment:
#
#  SIGSEGV (0xb) at pc=0x000000010c884528, pid=6164, tid=22275
#
# JRE version: Java(TM) SE Runtime Environment (10.0.2+13) (build 10.0.2+13)
# Java VM: Java HotSpot(TM) 64-Bit Server VM (10.0.2+13, mixed mode, tiered, compressed oops, g1 gc, bsd-amd64)
# Problematic frame:
# V  [libjvm.dylib+0x284528]  _ZN12ConstantPool31impl_name_and_type_ref_index_atEib+0x1c
#
# No core dump will be written. Core dumps have been disabled. To enable core dumping, try "ulimit -c unlimited" before starting Java again
#
# If you would like to submit a bug report, please visit:
#   http://bugreport.java.com/bugreport/crash.jsp
#

---------------  S U M M A R Y ------------

Command Line: -agentlib:jdwp=transport=dt_socket,suspend=y,address=localhost:63041 -javaagent:/Users/shizhi/eclipse/java-photon/Eclipse.app/Contents/Eclipse/configuration/org.eclipse.osgi/231/0/.cp/lib/javaagent-shaded.jar -Dfile.encoding=UTF-8 --module-path=/Users/shizhi/Desktop/BitBox-Fine4/lib/commons-codec-1.7.jar unimelb.bitbox.Peer

Host: MacBookPro15,2 x86_64 2300 MHz, 8 cores, 8G, Darwin 18.5.0
Time: Sat May  4 02:33:40 2019 AEST elapsed time: 201 seconds (0d 0h 3m 21s)

---------------  T H R E A D  ---------------

Current thread (0x00007fa033820000):  VMThread "VM Thread" [stack: 0x0000700001f08000,0x0000700002008000] [id=22275]

Stack: [0x0000700001f08000,0x0000700002008000],  sp=0x00007000020071d0,  free space=1020k
Native frames: (J=compiled Java code, A=aot compiled Java code, j=interpreted, Vv=VM code, C=native code)
V  [libjvm.dylib+0x284528]  _ZN12ConstantPool31impl_name_and_type_ref_index_atEib+0x1c
V  [libjvm.dylib+0x28457d]  _ZN12ConstantPool21impl_signature_ref_atEib+0x11
V  [libjvm.dylib+0x382d28]  _ZN14GenerateOopMap9do_methodEiiii+0x40
V  [libjvm.dylib+0x3816bb]  _ZN14GenerateOopMap9interp_bbEP10BasicBlock+0x105
V  [libjvm.dylib+0x3813d1]  _ZN14GenerateOopMap10interp_allEv+0x53
V  [libjvm.dylib+0x3810b7]  _ZN14GenerateOopMap17do_interpretationEv+0x4b
V  [libjvm.dylib+0x383581]  _ZN14GenerateOopMap11compute_mapEP6Thread+0x16b
V  [libjvm.dylib+0x62b7d8]  _ZN19OopMapForCacheEntry11compute_mapEP6Thread+0x60
V  [libjvm.dylib+0x62c0c4]  _ZN16OopMapCacheEntry4fillERK12methodHandlei+0xac
V  [libjvm.dylib+0x62ca8c]  _ZN11OopMapCache19compute_one_oop_mapERK12methodHandleiP17InterpreterOopMap+0x11a
V  [libjvm.dylib+0x5f1155]  _ZN6Method8mask_forEiP17InterpreterOopMap+0x7f
V  [libjvm.dylib+0x4dda69]  _ZN16VM_GetOrSetLocal4doitEv+0x47
V  [libjvm.dylib+0x7a38d9]  _ZN12VM_Operation8evaluateEv+0xf1
V  [libjvm.dylib+0x7a2dc2]  _ZN8VMThread18evaluate_operationEP12VM_Operation+0xd4
V  [libjvm.dylib+0x7a2a76]  _ZN8VMThread4loopEv+0x340
V  [libjvm.dylib+0x7a2649]  _ZN8VMThread3runEv+0x75
V  [libjvm.dylib+0x633a5f]  _ZL19thread_native_entryP6Thread+0x12b
C  [libsystem_pthread.dylib+0x32eb]  _pthread_body+0x7e
C  [libsystem_pthread.dylib+0x6249]  _pthread_start+0x42
C  [libsystem_pthread.dylib+0x240d]  thread_start+0xd


siginfo: si_signo: 11 (SIGSEGV), si_code: 1 (SEGV_MAPERR), si_addr: 0x0000000130669528

Register to memory mapping:

RAX=0x00000001304d5200 is pointing into metadata
RBX=0x00000001304d4430 is pointing into metadata
RCX=0x0000000000194300 is an unknown value
RDX=0x0000000000000000 is an unknown value
RSP=0x00007000020071d0 is an unknown value
RBP=0x00007000020071d0 is an unknown value
RSI=0x000000000000ca18 is an unknown value
RDI=0x00000001304d4430 is pointing into metadata
R8 =0x00000000000000ef is an unknown value
R9 =0x000000000000000a is an unknown value
R10=0x00007fa0351cb314 is an unknown value
R11=0xfffffffffffffb70 is an unknown value
R12=0x0000700002007690 is an unknown value
R13=0x0000700002007848 is an unknown value
R14=0x0000000000000000 is an unknown value
R15=0x00000000000000ef is an unknown value


Registers:
RAX=0x00000001304d5200, RBX=0x00000001304d4430, RCX=0x0000000000194300, RDX=0x0000000000000000
RSP=0x00007000020071d0, RBP=0x00007000020071d0, RSI=0x000000000000ca18, RDI=0x00000001304d4430
R8 =0x00000000000000ef, R9 =0x000000000000000a, R10=0x00007fa0351cb314, R11=0xfffffffffffffb70
R12=0x0000700002007690, R13=0x0000700002007848, R14=0x0000000000000000, R15=0x00000000000000ef
RIP=0x000000010c884528, EFLAGS=0x0000000000010206, ERR=0x0000000000000004
  TRAPNO=0x000000000000000e

Top of Stack: (sp=0x00007000020071d0)
0x00007000020071d0:   00007000020071f0 000000010c88457d
0x00007000020071e0:   00000001304d3148 0000700002007848
0x00007000020071f0:   0000700002007680 000000010c982d28
0x0000700002007200:   000000010cf5ce40 000000011878ab60
0x0000700002007210:   0000000000000002 000070000000000c
0x0000700002007220:   0000700002007230 0000000000000001
0x0000700002007230:   4fffffff4fffffff 0000000000000001
0x0000700002007240:   4fffffff4fffffff 000000010ce17c63
0x0000700002007250:   0000000000000001 000000004fffffff
0x0000700002007260:   0000000000000000 00007fa030f09b30
0x0000700002007270:   0000000000000000 0000000000000001
0x0000700002007280:   00007000020072b0 000000010cccfd5d
0x0000700002007290:   0000000000000002 00007000020072f0
0x00007000020072a0:   0000000000000001 0000000000000000
0x00007000020072b0:   0000000000000000 0000700002007658
0x00007000020072c0:   00007000020072d0 0000000000000000
0x00007000020072d0:   000000010ce17c7a 0000000000000008
0x00007000020072e0:   000070000200748f 0000000000000001
0x00007000020072f0:   000000010cf5ce40 000000011878a528
0x0000700002007300:   0000000000000002 000000000000000a
0x0000700002007310:   0000700002007320 0000000000000001
0x0000700002007320:   4fffffff4fffffff 2fffffff4fffffff
0x0000700002007330:   4fffffff2fffffff 000000004fffffff
0x0000700002007340:   0000000000000000 0000000000000000
0x0000700002007350:   0000000000000000 0000000000000000
0x0000700002007360:   0000000000000000 0000000000000000
0x0000700002007370:   0000000000000000 0000000000000000
0x0000700002007380:   0000000000000000 0000700002007930
0x0000700002007390:   0000700002007938 0000000000000037
0x00007000020073a0:   ffffffffffffffff 0000000300000000
0x00007000020073b0:   000070000200748f 00007fff9f0e76b8
0x00007000020073c0:   0000700002007410 00007fff6c17512e 

Instructions: (pc=0x000000010c884528)
0x000000010c884508:   c7 40 5d c3 55 48 89 e5 84 d2 75 1e 48 8b 47 10
0x000000010c884518:   48 85 c0 74 15 85 f6 78 30 48 63 ce 48 c1 e1 05
0x000000010c884528:   48 8b 44 08 28 0f b7 f0 eb 11 48 8b 4f 08 48 63
0x000000010c884538:   c6 0f b6 4c 01 04 83 f9 12 74 03 48 63 c6 48 8d 

VM_Operation (0x0000700002a25a08): GetOrSetLocal, mode: safepoint, requested by thread 0x00007fa033849800


---------------  P R O C E S S  ---------------

Threads class SMR info:
_java_thread_list=0x00007fa030c52ec0, length=16, elements={
0x00007fa032005800, 0x00007fa032008800, 0x00007fa03200b800, 0x00007fa03200e800,
0x00007fa034813000, 0x00007fa033821000, 0x00007fa033821800, 0x00007fa033822800,
0x00007fa035036000, 0x00007fa033849800, 0x00007fa033800800, 0x00007fa033854800,
0x00007fa0340e8800, 0x00007fa03384b000, 0x00007fa033877800, 0x00007fa03189f800
}

Java Threads: ( => current thread )
  0x00007fa032005800 JavaThread "Reference Handler" daemon [_thread_blocked, id=42755, stack(0x000070000200b000,0x000070000210b000)]
  0x00007fa032008800 JavaThread "Finalizer" daemon [_thread_blocked, id=42499, stack(0x000070000210e000,0x000070000220e000)]
  0x00007fa03200b800 JavaThread "Signal Dispatcher" daemon [_thread_blocked, id=41475, stack(0x0000700002211000,0x0000700002311000)]
  0x00007fa03200e800 JavaThread "C2 CompilerThread0" daemon [_thread_blocked, id=26115, stack(0x0000700002314000,0x0000700002414000)]
  0x00007fa034813000 JavaThread "C2 CompilerThread1" daemon [_thread_blocked, id=40963, stack(0x0000700002417000,0x0000700002517000)]
  0x00007fa033821000 JavaThread "C2 CompilerThread2" daemon [_thread_blocked, id=26883, stack(0x000070000251a000,0x000070000261a000)]
  0x00007fa033821800 JavaThread "C1 CompilerThread3" daemon [_thread_blocked, id=40451, stack(0x000070000261d000,0x000070000271d000)]
  0x00007fa033822800 JavaThread "Sweeper thread" daemon [_thread_blocked, id=39939, stack(0x0000700002720000,0x0000700002820000)]
  0x00007fa035036000 JavaThread "Common-Cleaner" daemon [_thread_blocked, id=28419, stack(0x0000700002823000,0x0000700002923000)]
  0x00007fa033849800 JavaThread "JDWP Transport Listener: dt_socket" daemon [_thread_blocked, id=39427, stack(0x0000700002926000,0x0000700002a26000)] _threads_hazard_ptr=0x00007fa030c52ec0
  0x00007fa033800800 JavaThread "JDWP Event Helper Thread" daemon [_thread_blocked, id=38915, stack(0x0000700002a29000,0x0000700002b29000)]
  0x00007fa033854800 JavaThread "JDWP Command Reader" daemon [_thread_in_native, id=29443, stack(0x0000700002b2c000,0x0000700002c2c000)]
  0x00007fa0340e8800 JavaThread "Service Thread" daemon [_thread_blocked, id=30211, stack(0x0000700002c2f000,0x0000700002d2f000)]
  0x00007fa03384b000 JavaThread "Thread-0" [_thread_blocked, id=30979, stack(0x0000700002e35000,0x0000700002f35000)]
  0x00007fa033877800 JavaThread "DestroyJavaVM" [_thread_blocked, id=9731, stack(0x00007000009c9000,0x0000700000ac9000)]
  0x00007fa03189f800 JavaThread "Thread-1" [_thread_blocked, id=37635, stack(0x0000700002f38000,0x0000700003038000)]

Other Threads:
=>0x00007fa033820000 VMThread "VM Thread" [stack: 0x0000700001f08000,0x0000700002008000] [id=22275]
  0x00007fa03200d800 WatcherThread [stack: 0x0000700002d32000,0x0000700002e32000] [id=30467]
  0x00007fa033009000 GCTaskThread "GC Thread#0" [stack: 0x0000700000acc000,0x0000700000bcc000] [id=21251]
  0x00007fa033009800 GCTaskThread "GC Thread#1" [stack: 0x0000700000bcf000,0x0000700000ccf000] [id=11779]
  0x00007fa03300a800 GCTaskThread "GC Thread#2" [stack: 0x0000700000cd2000,0x0000700000dd2000] [id=12291]
  0x00007fa03300b000 GCTaskThread "GC Thread#3" [stack: 0x0000700000dd5000,0x0000700000ed5000] [id=20995]
  0x00007fa03300c000 GCTaskThread "GC Thread#4" [stack: 0x0000700000ed8000,0x0000700000fd8000] [id=20739]
  0x00007fa03300c800 GCTaskThread "GC Thread#5" [stack: 0x0000700000fdb000,0x00007000010db000] [id=20483]
  0x00007fa03300d800 GCTaskThread "GC Thread#6" [stack: 0x00007000010de000,0x00007000011de000] [id=13571]
  0x00007fa03300e000 GCTaskThread "GC Thread#7" [stack: 0x00007000011e1000,0x00007000012e1000] [id=13827]
  0x00007fa033027000 ConcurrentGCThread "G1 Main Marker" [stack: 0x00007000012e4000,0x00007000013e4000] [id=14339]
  0x00007fa033028000 ConcurrentGCThread "G1 Conc#0" [stack: 0x00007000013e7000,0x00007000014e7000] [id=19459]
  0x00007fa033028800 ConcurrentGCThread "G1 Conc#1" [stack: 0x00007000014ea000,0x00007000015ea000] [id=18947]
  0x00007fa033069800 ConcurrentGCThread "G1 Refine#0" [stack: 0x00007000015ed000,0x00007000016ed000] [id=18435]
  0x00007fa031003000 ConcurrentGCThread "G1 Refine#1" [stack: 0x00007000016f0000,0x00007000017f0000] [id=15107]
  0x00007fa031004000 ConcurrentGCThread "G1 Refine#2" [stack: 0x00007000017f3000,0x00007000018f3000] [id=15363]
  0x00007fa034000800 ConcurrentGCThread "G1 Refine#3" [stack: 0x00007000018f6000,0x00007000019f6000] [id=17923]
  0x00007fa034001800 ConcurrentGCThread "G1 Refine#4" [stack: 0x00007000019f9000,0x0000700001af9000] [id=17411]
  0x00007fa034002000 ConcurrentGCThread "G1 Refine#5" [stack: 0x0000700001afc000,0x0000700001bfc000] [id=16899]
  0x00007fa034003000 ConcurrentGCThread "G1 Refine#6" [stack: 0x0000700001bff000,0x0000700001cff000] [id=15875]
  0x00007fa034003800 ConcurrentGCThread "G1 Refine#7" [stack: 0x0000700001d02000,0x0000700001e02000] [id=16131]
  0x00007fa034004800 ConcurrentGCThread "G1 Young RemSet Sampling" [stack: 0x0000700001e05000,0x0000700001f05000] [id=22019]

Threads with active compile tasks:

VM state:at safepoint (normal execution)

VM Mutex/Monitor currently owned by a thread:  ([mutex/lock_event])
[0x00007fa030e09370] Threads_lock - owner thread: 0x00007fa033820000

Heap address: 0x0000000740000000, size: 2048 MB, Compressed Oops mode: Zero based, Oop shift amount: 3
Narrow klass base: 0x0000000000000000, Narrow klass shift: 3
Compressed class space size: 1073741824 Address: 0x00000007c0000000

Heap:
 garbage-first heap   total 131072K, used 17408K [0x0000000740000000, 0x00000007c0000000)
  region size 1024K, 18 young (18432K), 0 survivors (0K)
 Metaspace       used 12240K, capacity 12524K, committed 12800K, reserved 1060864K
  class space    used 1077K, capacity 1155K, committed 1280K, reserved 1048576K
Heap Regions: E=young(eden), S=young(survivor), O=old, HS=humongous(starts), HC=humongous(continues), CS=collection set, F=free, A=archive, TS=gc time stamp, AC=allocation context, TAMS=top-at-mark-start (previous, next)
|   0|0x0000000740000000, 0x0000000740000000, 0x0000000740100000|  0%| F|  |TS  0|AC  0|TAMS 0x0000000740000000, 0x0000000740000000|
|   1|0x0000000740100000, 0x0000000740100000, 0x0000000740200000|  0%| F|  |TS  0|AC  0|TAMS 0x0000000740100000, 0x0000000740100000|
|   2|0x0000000740200000, 0x0000000740200000, 0x0000000740300000|  0%| F|  |TS  0|AC  0|TAMS 0x0000000740200000, 0x0000000740200000|
|   3|0x0000000740300000, 0x0000000740300000, 0x0000000740400000|  0%| F|  |TS  0|AC  0|TAMS 0x0000000740300000, 0x0000000740300000|
|   4|0x0000000740400000, 0x0000000740400000, 0x0000000740500000|  0%| F|  |TS  0|AC  0|TAMS 0x0000000740400000, 0x0000000740400000|
|   5|0x0000000740500000, 0x0000000740500000, 0x0000000740600000|  0%| F|  |TS  0|AC  0|TAMS 0x0000000740500000, 0x0000000740500000|
|   6|0x0000000740600000, 0x0000000740600000, 0x0000000740700000|  0%| F|  |TS  0|AC  0|TAMS 0x0000000740600000, 0x0000000740600000|
|   7|0x0000000740700000, 0x0000000740700000, 0x0000000740800000|  0%| F|  |TS  0|AC  0|TAMS 0x0000000740700000, 0x0000000740700000|
|   8|0x0000000740800000, 0x0000000740800000, 0x0000000740900000|  0%| F|  |TS  0|AC  0|TAMS 0x0000000740800000, 0x0000000740800000|
|   9|0x0000000740900000, 0x0000000740900000, 0x0000000740a00000|  0%| F|  |TS  0|AC  0|TAMS 0x0000000740900000, 0x0000000740900000|
|  10|0x0000000740a00000, 0x0000000740a00000, 0x0000000740b00000|  0%| F|  |TS  0|AC  0|TAMS 0x0000000740a00000, 0x0000000740a00000|
|  11|0x0000000740b00000, 0x0000000740b00000, 0x0000000740c00000|  0%| F|  |TS  0|AC  0|TAMS 0x0000000740b00000, 0x0000000740b00000|
|  12|0x0000000740c00000, 0x0000000740c00000, 0x0000000740d00000|  0%| F|  |TS  0|AC  0|TAMS 0x0000000740c00000, 0x0000000740c00000|
|  13|0x0000000740d00000, 0x0000000740d00000, 0x0000000740e00000|  0%| F|  |TS  0|AC  0|TAMS 0x0000000740d00000, 0x0000000740d00000|
|  14|0x0000000740e00000, 0x0000000740e00000, 0x0000000740f00000|  0%| F|  |TS  0|AC  0|TAMS 0x0000000740e00000, 0x0000000740e00000|
|  15|0x0000000740f00000, 0x0000000740f00000, 0x0000000741000000|  0%| F|  |TS  0|AC  0|TAMS 0x0000000740f00000, 0x0000000740f00000|
|  16|0x0000000741000000, 0x0000000741000000, 0x0000000741100000|  0%| F|  |TS  0|AC  0|TAMS 0x0000000741000000, 0x0000000741000000|
|  17|0x0000000741100000, 0x0000000741100000, 0x0000000741200000|  0%| F|  |TS  0|AC  0|TAMS 0x0000000741100000, 0x0000000741100000|
|  18|0x0000000741200000, 0x0000000741200000, 0x0000000741300000|  0%| F|  |TS  0|AC  0|TAMS 0x0000000741200000, 0x0000000741200000|
|  19|0x0000000741300000, 0x0000000741300000, 0x0000000741400000|  0%| F|  |TS  0|AC  0|TAMS 0x0000000741300000, 0x0000000741300000|
|  20|0x0000000741400000, 0x0000000741400000, 0x0000000741500000|  0%| F|  |TS  0|AC  0|TAMS 0x0000000741400000, 0x0000000741400000|
|  21|0x0000000741500000, 0x0000000741500000, 0x0000000741600000|  0%| F|  |TS  0|AC  0|TAMS 0x0000000741500000, 0x0000000741500000|
|  22|0x0000000741600000, 0x0000000741600000, 0x0000000741700000|  0%| F|  |TS  0|AC  0|TAMS 0x0000000741600000, 0x0000000741600000|
|  23|0x0000000741700000, 0x0000000741700000, 0x0000000741800000|  0%| F|  |TS  0|AC  0|TAMS 0x0000000741700000, 0x0000000741700000|
|  24|0x0000000741800000, 0x0000000741800000, 0x0000000741900000|  0%| F|  |TS  0|AC  0|TAMS 0x0000000741800000, 0x0000000741800000|
|  25|0x0000000741900000, 0x0000000741900000, 0x0000000741a00000|  0%| F|  |TS  0|AC  0|TAMS 0x0000000741900000, 0x0000000741900000|
|  26|0x0000000741a00000, 0x0000000741a00000, 0x0000000741b00000|  0%| F|  |TS  0|AC  0|TAMS 0x0000000741a00000, 0x0000000741a00000|
|  27|0x0000000741b00000, 0x0000000741b00000, 0x0000000741c00000|  0%| F|  |TS  0|AC  0|TAMS 0x0000000741b00000, 0x0000000741b00000|
|  28|0x0000000741c00000, 0x0000000741c00000, 0x0000000741d00000|  0%| F|  |TS  0|AC  0|TAMS 0x0000000741c00000, 0x0000000741c00000|
|  29|0x0000000741d00000, 0x0000000741d00000, 0x0000000741e00000|  0%| F|  |TS  0|AC  0|TAMS 0x0000000741d00000, 0x0000000741d00000|
|  30|0x0000000741e00000, 0x0000000741e00000, 0x0000000741f00000|  0%| F|  |TS  0|AC  0|TAMS 0x0000000741e00000, 0x0000000741e00000|
|  31|0x0000000741f00000, 0x0000000741f00000, 0x0000000742000000|  0%| F|  |TS  0|AC  0|TAMS 0x0000000741f00000, 0x0000000741f00000|
|  32|0x0000000742000000, 0x0000000742000000, 0x0000000742100000|  0%| F|  |TS  0|AC  0|TAMS 0x0000000742000000, 0x0000000742000000|
|  33|0x0000000742100000, 0x0000000742100000, 0x0000000742200000|  0%| F|  |TS  0|AC  0|TAMS 0x0000000742100000, 0x0000000742100000|
|  34|0x0000000742200000, 0x0000000742200000, 0x0000000742300000|  0%| F|  |TS  0|AC  0|TAMS 0x0000000742200000, 0x0000000742200000|
|  35|0x0000000742300000, 0x0000000742300000, 0x0000000742400000|  0%| F|  |TS  0|AC  0|TAMS 0x0000000742300000, 0x0000000742300000|
|  36|0x0000000742400000, 0x0000000742400000, 0x0000000742500000|  0%| F|  |TS  0|AC  0|TAMS 0x0000000742400000, 0x0000000742400000|
|  37|0x0000000742500000, 0x0000000742500000, 0x0000000742600000|  0%| F|  |TS  0|AC  0|TAMS 0x0000000742500000, 0x0000000742500000|
|  38|0x0000000742600000, 0x0000000742600000, 0x0000000742700000|  0%| F|  |TS  0|AC  0|TAMS 0x0000000742600000, 0x0000000742600000|
|  39|0x0000000742700000, 0x0000000742700000, 0x0000000742800000|  0%| F|  |TS  0|AC  0|TAMS 0x0000000742700000, 0x0000000742700000|
|  40|0x0000000742800000, 0x0000000742800000, 0x0000000742900000|  0%| F|  |TS  0|AC  0|TAMS 0x0000000742800000, 0x0000000742800000|
|  41|0x0000000742900000, 0x0000000742900000, 0x0000000742a00000|  0%| F|  |TS  0|AC  0|TAMS 0x0000000742900000, 0x0000000742900000|
|  42|0x0000000742a00000, 0x0000000742a00000, 0x0000000742b00000|  0%| F|  |TS  0|AC  0|TAMS 0x0000000742a00000, 0x0000000742a00000|
|  43|0x0000000742b00000, 0x0000000742b00000, 0x0000000742c00000|  0%| F|  |TS  0|AC  0|TAMS 0x0000000742b00000, 0x0000000742b00000|
|  44|0x0000000742c00000, 0x0000000742c00000, 0x0000000742d00000|  0%| F|  |TS  0|AC  0|TAMS 0x0000000742c00000, 0x0000000742c00000|
|  45|0x0000000742d00000, 0x0000000742d00000, 0x0000000742e00000|  0%| F|  |TS  0|AC  0|TAMS 0x0000000742d00000, 0x0000000742d00000|
|  46|0x0000000742e00000, 0x0000000742e00000, 0x0000000742f00000|  0%| F|  |TS  0|AC  0|TAMS 0x0000000742e00000, 0x0000000742e00000|
|  47|0x0000000742f00000, 0x0000000742f00000, 0x0000000743000000|  0%| F|  |TS  0|AC  0|TAMS 0x0000000742f00000, 0x0000000742f00000|
|  48|0x0000000743000000, 0x0000000743000000, 0x0000000743100000|  0%| F|  |TS  0|AC  0|TAMS 0x0000000743000000, 0x0000000743000000|
|  49|0x0000000743100000, 0x0000000743100000, 0x0000000743200000|  0%| F|  |TS  0|AC  0|TAMS 0x0000000743100000, 0x0000000743100000|
|  50|0x0000000743200000, 0x0000000743200000, 0x0000000743300000|  0%| F|  |TS  0|AC  0|TAMS 0x0000000743200000, 0x0000000743200000|
|  51|0x0000000743300000, 0x0000000743300000, 0x0000000743400000|  0%| F|  |TS  0|AC  0|TAMS 0x0000000743300000, 0x0000000743300000|
|  52|0x0000000743400000, 0x0000000743400000, 0x0000000743500000|  0%| F|  |TS  0|AC  0|TAMS 0x0000000743400000, 0x0000000743400000|
|  53|0x0000000743500000, 0x0000000743500000, 0x0000000743600000|  0%| F|  |TS  0|AC  0|TAMS 0x0000000743500000, 0x0000000743500000|
|  54|0x0000000743600000, 0x0000000743600000, 0x0000000743700000|  0%| F|  |TS  0|AC  0|TAMS 0x0000000743600000, 0x0000000743600000|
|  55|0x0000000743700000, 0x0000000743700000, 0x0000000743800000|  0%| F|  |TS  0|AC  0|TAMS 0x0000000743700000, 0x0000000743700000|
|  56|0x0000000743800000, 0x0000000743800000, 0x0000000743900000|  0%| F|  |TS  0|AC  0|TAMS 0x0000000743800000, 0x0000000743800000|
|  57|0x0000000743900000, 0x0000000743900000, 0x0000000743a00000|  0%| F|  |TS  0|AC  0|TAMS 0x0000000743900000, 0x0000000743900000|
|  58|0x0000000743a00000, 0x0000000743a00000, 0x0000000743b00000|  0%| F|  |TS  0|AC  0|TAMS 0x0000000743a00000, 0x0000000743a00000|
|  59|0x0000000743b00000, 0x0000000743b00000, 0x0000000743c00000|  0%| F|  |TS  0|AC  0|TAMS 0x0000000743b00000, 0x0000000743b00000|
|  60|0x0000000743c00000, 0x0000000743c00000, 0x0000000743d00000|  0%| F|  |TS  0|AC  0|TAMS 0x0000000743c00000, 0x0000000743c00000|
|  61|0x0000000743d00000, 0x0000000743d00000, 0x0000000743e00000|  0%| F|  |TS  0|AC  0|TAMS 0x0000000743d00000, 0x0000000743d00000|
|  62|0x0000000743e00000, 0x0000000743e00000, 0x0000000743f00000|  0%| F|  |TS  0|AC  0|TAMS 0x0000000743e00000, 0x0000000743e00000|
|  63|0x0000000743f00000, 0x0000000743f00000, 0x0000000744000000|  0%| F|  |TS  0|AC  0|TAMS 0x0000000743f00000, 0x0000000743f00000|
|  64|0x0000000744000000, 0x0000000744000000, 0x0000000744100000|  0%| F|  |TS  0|AC  0|TAMS 0x0000000744000000, 0x0000000744000000|
|  65|0x0000000744100000, 0x0000000744100000, 0x0000000744200000|  0%| F|  |TS  0|AC  0|TAMS 0x0000000744100000, 0x0000000744100000|
|  66|0x0000000744200000, 0x0000000744200000, 0x0000000744300000|  0%| F|  |TS  0|AC  0|TAMS 0x0000000744200000, 0x0000000744200000|
|  67|0x0000000744300000, 0x0000000744300000, 0x0000000744400000|  0%| F|  |TS  0|AC  0|TAMS 0x0000000744300000, 0x0000000744300000|
|  68|0x0000000744400000, 0x0000000744400000, 0x0000000744500000|  0%| F|  |TS  0|AC  0|TAMS 0x0000000744400000, 0x0000000744400000|
|  69|0x0000000744500000, 0x0000000744500000, 0x0000000744600000|  0%| F|  |TS  0|AC  0|TAMS 0x0000000744500000, 0x0000000744500000|
|  70|0x0000000744600000, 0x0000000744600000, 0x0000000744700000|  0%| F|  |TS  0|AC  0|TAMS 0x0000000744600000, 0x0000000744600000|
|  71|0x0000000744700000, 0x0000000744700000, 0x0000000744800000|  0%| F|  |TS  0|AC  0|TAMS 0x0000000744700000, 0x0000000744700000|
|  72|0x0000000744800000, 0x0000000744800000, 0x0000000744900000|  0%| F|  |TS  0|AC  0|TAMS 0x0000000744800000, 0x0000000744800000|
|  73|0x0000000744900000, 0x0000000744900000, 0x0000000744a00000|  0%| F|  |TS  0|AC  0|TAMS 0x0000000744900000, 0x0000000744900000|
|  74|0x0000000744a00000, 0x0000000744a00000, 0x0000000744b00000|  0%| F|  |TS  0|AC  0|TAMS 0x0000000744a00000, 0x0000000744a00000|
|  75|0x0000000744b00000, 0x0000000744b00000, 0x0000000744c00000|  0%| F|  |TS  0|AC  0|TAMS 0x0000000744b00000, 0x0000000744b00000|
|  76|0x0000000744c00000, 0x0000000744c00000, 0x0000000744d00000|  0%| F|  |TS  0|AC  0|TAMS 0x0000000744c00000, 0x0000000744c00000|
|  77|0x0000000744d00000, 0x0000000744d00000, 0x0000000744e00000|  0%| F|  |TS  0|AC  0|TAMS 0x0000000744d00000, 0x0000000744d00000|
|  78|0x0000000744e00000, 0x0000000744e00000, 0x0000000744f00000|  0%| F|  |TS  0|AC  0|TAMS 0x0000000744e00000, 0x0000000744e00000|
|  79|0x0000000744f00000, 0x0000000744f00000, 0x0000000745000000|  0%| F|  |TS  0|AC  0|TAMS 0x0000000744f00000, 0x0000000744f00000|
|  80|0x0000000745000000, 0x0000000745000000, 0x0000000745100000|  0%| F|  |TS  0|AC  0|TAMS 0x0000000745000000, 0x0000000745000000|
|  81|0x0000000745100000, 0x0000000745100000, 0x0000000745200000|  0%| F|  |TS  0|AC  0|TAMS 0x0000000745100000, 0x0000000745100000|
|  82|0x0000000745200000, 0x0000000745200000, 0x0000000745300000|  0%| F|  |TS  0|AC  0|TAMS 0x0000000745200000, 0x0000000745200000|
|  83|0x0000000745300000, 0x0000000745300000, 0x0000000745400000|  0%| F|  |TS  0|AC  0|TAMS 0x0000000745300000, 0x0000000745300000|
|  84|0x0000000745400000, 0x0000000745400000, 0x0000000745500000|  0%| F|  |TS  0|AC  0|TAMS 0x0000000745400000, 0x0000000745400000|
|  85|0x0000000745500000, 0x0000000745500000, 0x0000000745600000|  0%| F|  |TS  0|AC  0|TAMS 0x0000000745500000, 0x0000000745500000|
|  86|0x0000000745600000, 0x0000000745600000, 0x0000000745700000|  0%| F|  |TS  0|AC  0|TAMS 0x0000000745600000, 0x0000000745600000|
|  87|0x0000000745700000, 0x0000000745700000, 0x0000000745800000|  0%| F|  |TS  0|AC  0|TAMS 0x0000000745700000, 0x0000000745700000|
|  88|0x0000000745800000, 0x0000000745800000, 0x0000000745900000|  0%| F|  |TS  0|AC  0|TAMS 0x0000000745800000, 0x0000000745800000|
|  89|0x0000000745900000, 0x0000000745900000, 0x0000000745a00000|  0%| F|  |TS  0|AC  0|TAMS 0x0000000745900000, 0x0000000745900000|
|  90|0x0000000745a00000, 0x0000000745a00000, 0x0000000745b00000|  0%| F|  |TS  0|AC  0|TAMS 0x0000000745a00000, 0x0000000745a00000|
|  91|0x0000000745b00000, 0x0000000745b00000, 0x0000000745c00000|  0%| F|  |TS  0|AC  0|TAMS 0x0000000745b00000, 0x0000000745b00000|
|  92|0x0000000745c00000, 0x0000000745c00000, 0x0000000745d00000|  0%| F|  |TS  0|AC  0|TAMS 0x0000000745c00000, 0x0000000745c00000|
|  93|0x0000000745d00000, 0x0000000745d00000, 0x0000000745e00000|  0%| F|  |TS  0|AC  0|TAMS 0x0000000745d00000, 0x0000000745d00000|
|  94|0x0000000745e00000, 0x0000000745e00000, 0x0000000745f00000|  0%| F|  |TS  0|AC  0|TAMS 0x0000000745e00000, 0x0000000745e00000|
|  95|0x0000000745f00000, 0x0000000745f00000, 0x0000000746000000|  0%| F|  |TS  0|AC  0|TAMS 0x0000000745f00000, 0x0000000745f00000|
|  96|0x0000000746000000, 0x0000000746000000, 0x0000000746100000|  0%| F|  |TS  0|AC  0|TAMS 0x0000000746000000, 0x0000000746000000|
|  97|0x0000000746100000, 0x0000000746100000, 0x0000000746200000|  0%| F|  |TS  0|AC  0|TAMS 0x0000000746100000, 0x0000000746100000|
|  98|0x0000000746200000, 0x0000000746200000, 0x0000000746300000|  0%| F|  |TS  0|AC  0|TAMS 0x0000000746200000, 0x0000000746200000|
|  99|0x0000000746300000, 0x0000000746300000, 0x0000000746400000|  0%| F|  |TS  0|AC  0|TAMS 0x0000000746300000, 0x0000000746300000|
| 100|0x0000000746400000, 0x0000000746400000, 0x0000000746500000|  0%| F|  |TS  0|AC  0|TAMS 0x0000000746400000, 0x0000000746400000|
| 101|0x0000000746500000, 0x0000000746500000, 0x0000000746600000|  0%| F|  |TS  0|AC  0|TAMS 0x0000000746500000, 0x0000000746500000|
| 102|0x0000000746600000, 0x0000000746600000, 0x0000000746700000|  0%| F|  |TS  0|AC  0|TAMS 0x0000000746600000, 0x0000000746600000|
| 103|0x0000000746700000, 0x0000000746700000, 0x0000000746800000|  0%| F|  |TS  0|AC  0|TAMS 0x0000000746700000, 0x0000000746700000|
| 104|0x0000000746800000, 0x0000000746800000, 0x0000000746900000|  0%| F|  |TS  0|AC  0|TAMS 0x0000000746800000, 0x0000000746800000|
| 105|0x0000000746900000, 0x0000000746900000, 0x0000000746a00000|  0%| F|  |TS  0|AC  0|TAMS 0x0000000746900000, 0x0000000746900000|
| 106|0x0000000746a00000, 0x0000000746a00000, 0x0000000746b00000|  0%| F|  |TS  0|AC  0|TAMS 0x0000000746a00000, 0x0000000746a00000|
| 107|0x0000000746b00000, 0x0000000746b00000, 0x0000000746c00000|  0%| F|  |TS  0|AC  0|TAMS 0x0000000746b00000, 0x0000000746b00000|
| 108|0x0000000746c00000, 0x0000000746c00000, 0x0000000746d00000|  0%| F|  |TS  0|AC  0|TAMS 0x0000000746c00000, 0x0000000746c00000|
| 109|0x0000000746d00000, 0x0000000746d00000, 0x0000000746e00000|  0%| F|  |TS  0|AC  0|TAMS 0x0000000746d00000, 0x0000000746d00000|
| 110|0x0000000746e00000, 0x0000000746ef6498, 0x0000000746f00000| 96%| E|  |TS  0|AC  0|TAMS 0x0000000746e00000, 0x0000000746e00000|
| 111|0x0000000746f00000, 0x0000000747000000, 0x0000000747000000|100%| E|CS|TS  0|AC  0|TAMS 0x0000000746f00000, 0x0000000746f00000|
| 112|0x0000000747000000, 0x0000000747100000, 0x0000000747100000|100%| E|CS|TS  0|AC  0|TAMS 0x0000000747000000, 0x0000000747000000|
| 113|0x0000000747100000, 0x0000000747200000, 0x0000000747200000|100%| E|CS|TS  0|AC  0|TAMS 0x0000000747100000, 0x0000000747100000|
| 114|0x0000000747200000, 0x0000000747300000, 0x0000000747300000|100%| E|CS|TS  0|AC  0|TAMS 0x0000000747200000, 0x0000000747200000|
| 115|0x0000000747300000, 0x0000000747400000, 0x0000000747400000|100%| E|CS|TS  0|AC  0|TAMS 0x0000000747300000, 0x0000000747300000|
| 116|0x0000000747400000, 0x0000000747500000, 0x0000000747500000|100%| E|CS|TS  0|AC  0|TAMS 0x0000000747400000, 0x0000000747400000|
| 117|0x0000000747500000, 0x0000000747600000, 0x0000000747600000|100%| E|CS|TS  0|AC  0|TAMS 0x0000000747500000, 0x0000000747500000|
| 118|0x0000000747600000, 0x0000000747700000, 0x0000000747700000|100%| E|CS|TS  0|AC  0|TAMS 0x0000000747600000, 0x0000000747600000|
| 119|0x0000000747700000, 0x0000000747800000, 0x0000000747800000|100%| E|CS|TS  0|AC  0|TAMS 0x0000000747700000, 0x0000000747700000|
| 120|0x0000000747800000, 0x0000000747900000, 0x0000000747900000|100%| E|CS|TS  0|AC  0|TAMS 0x0000000747800000, 0x0000000747800000|
| 121|0x0000000747900000, 0x0000000747a00000, 0x0000000747a00000|100%| E|CS|TS  0|AC  0|TAMS 0x0000000747900000, 0x0000000747900000|
| 122|0x0000000747a00000, 0x0000000747b00000, 0x0000000747b00000|100%| E|CS|TS  0|AC  0|TAMS 0x0000000747a00000, 0x0000000747a00000|
| 123|0x0000000747b00000, 0x0000000747c00000, 0x0000000747c00000|100%| E|CS|TS  0|AC  0|TAMS 0x0000000747b00000, 0x0000000747b00000|
| 124|0x0000000747c00000, 0x0000000747d00000, 0x0000000747d00000|100%| E|CS|TS  0|AC  0|TAMS 0x0000000747c00000, 0x0000000747c00000|
| 125|0x0000000747d00000, 0x0000000747e00000, 0x0000000747e00000|100%| E|CS|TS  0|AC  0|TAMS 0x0000000747d00000, 0x0000000747d00000|
| 126|0x0000000747e00000, 0x0000000747f00000, 0x0000000747f00000|100%| E|CS|TS  0|AC  0|TAMS 0x0000000747e00000, 0x0000000747e00000|
| 127|0x0000000747f00000, 0x0000000748000000, 0x0000000748000000|100%| E|CS|TS  0|AC  0|TAMS 0x0000000747f00000, 0x0000000747f00000|

Card table byte_map: [0x000000012859c000,0x000000012899c000] byte_map_base: 0x0000000124b9c000

Marking Bits (Prev, Next): (CMBitMap*) 0x00007fa033026860, (CMBitMap*) 0x00007fa033026898
 Prev Bits: [0x0000000128d9c000, 0x000000012ad9c000)
 Next Bits: [0x000000012ad9c000, 0x000000012cd9c000)

Polling page: 0x000000010b46c000

CodeHeap 'non-profiled nmethods': size=120032Kb used=318Kb max_used=318Kb free=119713Kb
 bounds [0x0000000120379000, 0x00000001205e9000, 0x00000001278b1000]
CodeHeap 'profiled nmethods': size=120028Kb used=1546Kb max_used=1546Kb free=118481Kb
 bounds [0x0000000118e42000, 0x00000001190b2000, 0x0000000120379000]
CodeHeap 'non-nmethods': size=5700Kb used=1133Kb max_used=1150Kb free=4566Kb
 bounds [0x00000001188b1000, 0x0000000118b21000, 0x0000000118e42000]
 total_blobs=1462 nmethods=895 adapters=303
 compilation: enabled

Compilation events (10 events):
Event: 201.451 Thread 0x00007fa033821800  886       3       org.eclipse.jdt.launching.internal.org.objectweb.asm.MethodWriter::visitFieldInsn (258 bytes)
Event: 201.452 Thread 0x00007fa033821800 nmethod 886 0x0000000118fbfc10 code [0x0000000118fbfea0, 0x0000000118fc0aa8]
Event: 201.452 Thread 0x00007fa033821800  887       3       org.eclipse.jdt.launching.internal.org.objectweb.asm.SymbolTable::addConstantFieldref (10 bytes)
Event: 201.452 Thread 0x00007fa033821800 nmethod 887 0x0000000118fc0f90 code [0x0000000118fc1140, 0x0000000118fc1308]
Event: 201.452 Thread 0x00007fa033821800  895       3       org.eclipse.jdt.launching.internal.org.objectweb.asm.SymbolTable::hash (15 bytes)
Event: 201.452 Thread 0x00007fa033821800 nmethod 895 0x0000000118fc1410 code [0x0000000118fc15e0, 0x0000000118fc17b8]
Event: 201.452 Thread 0x00007fa033821800  894       3       org.eclipse.jdt.launching.internal.org.objectweb.asm.MethodWriter::visitLdcInsn (183 bytes)
Event: 201.452 Thread 0x00007fa033821800 nmethod 894 0x0000000118fc1910 code [0x0000000118fc1b40, 0x0000000118fc2188]
Event: 201.452 Thread 0x00007fa033821800  893       3       org.eclipse.jdt.launching.internal.org.objectweb.asm.ClassReader::readVerificationTypeInfo (184 bytes)
Event: 201.454 Thread 0x00007fa033821800 nmethod 893 0x0000000118fc2410 code [0x0000000118fc2760, 0x0000000118fc4228]

GC Heap History (0 events):
No events

Deoptimization events (10 events):
Event: 0.453 Thread 0x00007fa033003000 Uncommon trap: reason=class_check action=maybe_recompile pc=0x0000000120391e7c method=java.util.HashMap.putVal(ILjava/lang/Object;Ljava/lang/Object;ZZ)Ljava/lang/Object; @ 91 c2
Event: 0.479 Thread 0x00007fa033003000 Uncommon trap: reason=unstable_if action=reinterpret pc=0x000000012037ef70 method=java.lang.String.isLatin1()Z @ 10 c2
Event: 0.479 Thread 0x00007fa033003000 Uncommon trap: reason=unstable_if action=reinterpret pc=0x000000012038067c method=java.lang.String.isLatin1()Z @ 10 c2
Event: 0.511 Thread 0x00007fa033003000 Uncommon trap: reason=bimorphic_or_optimized_type_check action=maybe_recompile pc=0x000000012039df5c method=java.util.HashMap.putVal(ILjava/lang/Object;Ljava/lang/Object;ZZ)Ljava/lang/Object; @ 56 c2
Event: 0.632 Thread 0x00007fa033003000 Uncommon trap: reason=unstable_if action=reinterpret pc=0x00000001203b0d3c method=java.lang.StringUTF16.compress([CI[BII)I @ 20 c2
Event: 0.632 Thread 0x00007fa033003000 Uncommon trap: reason=unstable_if action=reinterpret pc=0x0000000120381510 method=java.lang.String.isLatin1()Z @ 10 c2
Event: 0.642 Thread 0x00007fa033003000 Uncommon trap: reason=unstable_if action=reinterpret pc=0x000000012038b1b0 method=java.lang.String.equals(Ljava/lang/Object;)Z @ 27 c2
Event: 0.667 Thread 0x00007fa03384b000 Uncommon trap: reason=bimorphic_or_optimized_type_check action=maybe_recompile pc=0x000000012039df5c method=java.util.HashMap.putVal(ILjava/lang/Object;Ljava/lang/Object;ZZ)Ljava/lang/Object; @ 56 c2
Event: 0.676 Thread 0x00007fa03384b000 Uncommon trap: reason=bimorphic_or_optimized_type_check action=maybe_recompile pc=0x000000012039df5c method=java.util.HashMap.putVal(ILjava/lang/Object;Ljava/lang/Object;ZZ)Ljava/lang/Object; @ 56 c2
Event: 0.676 Thread 0x00007fa03384b000 Uncommon trap: reason=bimorphic_or_optimized_type_check action=maybe_recompile pc=0x000000012039df5c method=java.util.HashMap.putVal(ILjava/lang/Object;Ljava/lang/Object;ZZ)Ljava/lang/Object; @ 56 c2

Classes redefined (1 events):
Event: 201.424 Thread 0x00007fa033820000 redefined class name=unimelb.bitbox.ServerMain, count=1

Internal exceptions (9 events):
Event: 0.136 Thread 0x00007fa033003000 Exception <a 'java/lang/NoSuchMethodError'{0x0000000747e45610}: method resolution failed> (0x0000000747e45610) thrown at [/scratch/mesos/slaves/9190d864-6621-4810-ba08-d8d8c75ba674-S34/frameworks/1735e8a2-a1db-478c-8104-60c8b0af87dd-0196/executors/f87b489
Event: 0.166 Thread 0x00007fa033003000 Exception <a 'java/lang/NoSuchMethodError'{0x0000000747b45b20}: java.lang.Object.lambda$union$2(Ljava/util/regex/Pattern$CharPredicate;I)Z> (0x0000000747b45b20) thrown at [/scratch/mesos/slaves/9190d864-6621-4810-ba08-d8d8c75ba674-S34/frameworks/1735e8a2-
Event: 0.166 Thread 0x00007fa033003000 Exception <a 'java/lang/NoSuchMethodError'{0x0000000747b49a18}: java.lang.Object.lambda$negate$3(I)Z> (0x0000000747b49a18) thrown at [/scratch/mesos/slaves/9190d864-6621-4810-ba08-d8d8c75ba674-S34/frameworks/1735e8a2-a1db-478c-8104-60c8b0af87dd-0196/execu
Event: 0.169 Thread 0x00007fa033003000 Exception <a 'java/lang/NoSuchMethodError'{0x0000000747b56d28}: java.lang.invoke.DirectMethodHandle$Holder.invokeStatic(Ljava/lang/Object;Ljava/lang/Object;)I> (0x0000000747b56d28) thrown at [/scratch/mesos/slaves/9190d864-6621-4810-ba08-d8d8c75ba674-S34/
Event: 0.172 Thread 0x00007fa033003000 Exception <a 'java/lang/NoSuchMethodError'{0x0000000747b671c0}: method resolution failed> (0x0000000747b671c0) thrown at [/scratch/mesos/slaves/9190d864-6621-4810-ba08-d8d8c75ba674-S34/frameworks/1735e8a2-a1db-478c-8104-60c8b0af87dd-0196/executors/f87b489
Event: 0.173 Thread 0x00007fa033003000 Exception <a 'java/lang/NoSuchMethodError'{0x0000000747b71f50}: method resolution failed> (0x0000000747b71f50) thrown at [/scratch/mesos/slaves/9190d864-6621-4810-ba08-d8d8c75ba674-S34/frameworks/1735e8a2-a1db-478c-8104-60c8b0af87dd-0196/executors/f87b489
Event: 0.618 Thread 0x00007fa033003000 Exception <a 'java/lang/NoSuchMethodError'{0x0000000747536840}: java.lang.invoke.DirectMethodHandle$Holder.invokeStatic(Ljava/lang/Object;ILjava/lang/Object;)Ljava/lang/Object;> (0x0000000747536840) thrown at [/scratch/mesos/slaves/9190d864-6621-4810-ba08
Event: 0.659 Thread 0x00007fa033003000 Exception <a 'java/lang/ClassNotFoundException'{0x00000007474fc000}: sun/util/logging/resources/spi/loggingProvider> (0x00000007474fc000) thrown at [/scratch/mesos/slaves/9190d864-6621-4810-ba08-d8d8c75ba674-S34/frameworks/1735e8a2-a1db-478c-8104-60c8b0af
Event: 62.203 Thread 0x00007fa03189f800 Exception <a 'java/lang/NoSuchMethodError'{0x0000000746e01388}: java.lang.invoke.DirectMethodHandle$Holder.invokeStatic(Ljava/lang/Object;Ljava/lang/Object;Ljava/lang/Object;)I> (0x0000000746e01388) thrown at [/scratch/mesos/slaves/9190d864-6621-4810-ba08

Events (10 events):
Event: 201.456 Executing VM operation: GetOwnedMonitorInfo done
Event: 201.456 Executing VM operation: GetCurrentContendedMonitor
Event: 201.456 Executing VM operation: GetCurrentContendedMonitor done
Event: 201.457 Executing VM operation: GetCurrentContendedMonitor
Event: 201.457 Executing VM operation: GetCurrentContendedMonitor done
Event: 201.457 Executing VM operation: GetOwnedMonitorInfo
Event: 201.457 Executing VM operation: GetOwnedMonitorInfo done
Event: 201.528 Executing VM operation: GetFrameLocation
Event: 201.528 Executing VM operation: GetFrameLocation done
Event: 201.528 Executing VM operation: GetOrSetLocal


Dynamic libraries:
0x00007fff3f454000 	/System/Library/Frameworks/Cocoa.framework/Versions/A/Cocoa
0x00007fff4b136000 	/System/Library/Frameworks/Security.framework/Versions/A/Security
0x00007fff3e0e9000 	/System/Library/Frameworks/ApplicationServices.framework/Versions/A/ApplicationServices
0x00007fff6b782000 	/usr/lib/libz.1.dylib
0x00007fff68eb2000 	/usr/lib/libSystem.B.dylib
0x00007fff3fc3c000 	/System/Library/Frameworks/CoreFoundation.framework/Versions/A/CoreFoundation
0x00007fff41eb0000 	/System/Library/Frameworks/Foundation.framework/Versions/C/Foundation
0x00007fff6a8ac000 	/usr/lib/libobjc.A.dylib
0x00007fff3d2e2000 	/System/Library/Frameworks/AppKit.framework/Versions/C/AppKit
0x00007fff3f7cf000 	/System/Library/Frameworks/CoreData.framework/Versions/A/CoreData
0x00007fff62a01000 	/System/Library/PrivateFrameworks/RemoteViewServices.framework/Versions/A/RemoteViewServices
0x00007fff66bf5000 	/System/Library/PrivateFrameworks/UIFoundation.framework/Versions/A/UIFoundation
0x00007fff682d7000 	/System/Library/PrivateFrameworks/XCTTargetBootstrap.framework/Versions/A/XCTTargetBootstrap
0x00007fff5d83a000 	/System/Library/PrivateFrameworks/IconServices.framework/Versions/A/IconServices
0x00007fff447c9000 	/System/Library/Frameworks/Metal.framework/Versions/A/Metal
0x00007fff54dc5000 	/System/Library/PrivateFrameworks/DesktopServicesPriv.framework/Versions/A/DesktopServicesPriv
0x00007fff69c12000 	/usr/lib/libenergytrace.dylib
0x00007fff650e4000 	/System/Library/PrivateFrameworks/SkyLight.framework/Versions/A/SkyLight
0x00007fff40081000 	/System/Library/Frameworks/CoreGraphics.framework/Versions/A/CoreGraphics
0x00007fff3c0ae000 	/System/Library/Frameworks/Accelerate.framework/Versions/A/Accelerate
0x00007fff425f6000 	/System/Library/Frameworks/IOSurface.framework/Versions/A/IOSurface
0x00007fff54c31000 	/System/Library/PrivateFrameworks/DFRFoundation.framework/Versions/A/DFRFoundation
0x00007fff3e5cc000 	/System/Library/Frameworks/AudioToolbox.framework/Versions/A/AudioToolbox
0x00007fff3e845000 	/System/Library/Frameworks/AudioUnit.framework/Versions/A/AudioUnit
0x00007fff54cc6000 	/System/Library/PrivateFrameworks/DataDetectorsCore.framework/Versions/A/DataDetectorsCore
0x00007fff3ef58000 	/System/Library/Frameworks/Carbon.framework/Versions/A/Frameworks/HIToolbox.framework/Versions/A/HIToolbox
0x00007fff69d6b000 	/usr/lib/libicucore.A.dylib
0x00007fff4a6ad000 	/System/Library/Frameworks/QuartzCore.framework/Versions/A/QuartzCore
0x00007fff3f32c000 	/System/Library/Frameworks/Carbon.framework/Versions/A/Frameworks/SpeechRecognition.framework/Versions/A/SpeechRecognition
0x00007fff69006000 	/usr/lib/libauto.dylib
0x00007fff6b676000 	/usr/lib/libxml2.2.dylib
0x00007fff54811000 	/System/Library/PrivateFrameworks/CoreUI.framework/Versions/A/CoreUI
0x00007fff3f6ba000 	/System/Library/Frameworks/CoreAudio.framework/Versions/A/CoreAudio
0x00007fff41cec000 	/System/Library/Frameworks/DiskArbitration.framework/Versions/A/DiskArbitration
0x00007fff6a018000 	/usr/lib/liblangid.dylib
0x00007fff5ec39000 	/System/Library/PrivateFrameworks/MultitouchSupport.framework/Versions/A/MultitouchSupport
0x00007fff42565000 	/System/Library/Frameworks/IOKit.framework/Versions/A/IOKit
0x00007fff68a73000 	/usr/lib/libDiagnosticMessagesClient.dylib
0x00007fff40e8d000 	/System/Library/Frameworks/CoreServices.framework/Versions/A/CoreServices
0x00007fff6080f000 	/System/Library/PrivateFrameworks/PerformanceAnalysis.framework/Versions/A/PerformanceAnalysis
0x00007fff4989d000 	/System/Library/Frameworks/OpenGL.framework/Versions/A/OpenGL
0x00007fff3f462000 	/System/Library/Frameworks/ColorSync.framework/Versions/A/ColorSync
0x00007fff40712000 	/System/Library/Frameworks/CoreImage.framework/Versions/A/CoreImage
0x00007fff41866000 	/System/Library/Frameworks/CoreText.framework/Versions/A/CoreText
0x00007fff42659000 	/System/Library/Frameworks/ImageIO.framework/Versions/A/ImageIO
0x00007fff50e6f000 	/System/Library/PrivateFrameworks/Backup.framework/Versions/A/Backup
0x00007fff68f59000 	/usr/lib/libarchive.2.dylib
0x00007fff3eb9d000 	/System/Library/Frameworks/CFNetwork.framework/Versions/A/CFNetwork
0x00007fff4b88f000 	/System/Library/Frameworks/SystemConfiguration.framework/Versions/A/SystemConfiguration
0x00007fff689a4000 	/usr/lib/libCRFSuite.dylib
0x00007fff690f5000 	/usr/lib/libc++.1.dylib
0x00007fff69149000 	/usr/lib/libc++abi.dylib
0x00007fff6bf71000 	/usr/lib/system/libcache.dylib
0x00007fff6bf76000 	/usr/lib/system/libcommonCrypto.dylib
0x00007fff6bf81000 	/usr/lib/system/libcompiler_rt.dylib
0x00007fff6bf89000 	/usr/lib/system/libcopyfile.dylib
0x00007fff6bf93000 	/usr/lib/system/libcorecrypto.dylib
0x00007fff6c09e000 	/usr/lib/system/libdispatch.dylib
0x00007fff6c0d8000 	/usr/lib/system/libdyld.dylib
0x00007fff6c105000 	/usr/lib/system/libkeymgr.dylib
0x00007fff6c113000 	/usr/lib/system/liblaunch.dylib
0x00007fff6c114000 	/usr/lib/system/libmacho.dylib
0x00007fff6c11a000 	/usr/lib/system/libquarantine.dylib
0x00007fff6c11d000 	/usr/lib/system/libremovefile.dylib
0x00007fff6c11f000 	/usr/lib/system/libsystem_asl.dylib
0x00007fff6c137000 	/usr/lib/system/libsystem_blocks.dylib
0x00007fff6c138000 	/usr/lib/system/libsystem_c.dylib
0x00007fff6c1c0000 	/usr/lib/system/libsystem_configuration.dylib
0x00007fff6c1c4000 	/usr/lib/system/libsystem_coreservices.dylib
0x00007fff6c1c8000 	/usr/lib/system/libsystem_darwin.dylib
0x00007fff6c1cf000 	/usr/lib/system/libsystem_dnssd.dylib
0x00007fff6c1d6000 	/usr/lib/system/libsystem_info.dylib
0x00007fff6c24b000 	/usr/lib/system/libsystem_m.dylib
0x00007fff6c297000 	/usr/lib/system/libsystem_malloc.dylib
0x00007fff6c2bc000 	/usr/lib/system/libsystem_networkextension.dylib
0x00007fff6c2c7000 	/usr/lib/system/libsystem_notify.dylib
0x00007fff6c2e4000 	/usr/lib/system/libsystem_sandbox.dylib
0x00007fff6c2e8000 	/usr/lib/system/libsystem_secinit.dylib
0x00007fff6c222000 	/usr/lib/system/libsystem_kernel.dylib
0x00007fff6c2cf000 	/usr/lib/system/libsystem_platform.dylib
0x00007fff6c2d9000 	/usr/lib/system/libsystem_pthread.dylib
0x00007fff6c2eb000 	/usr/lib/system/libsystem_symptoms.dylib
0x00007fff6c2f3000 	/usr/lib/system/libsystem_trace.dylib
0x00007fff6c30a000 	/usr/lib/system/libunwind.dylib
0x00007fff6c310000 	/usr/lib/system/libxpc.dylib
0x00007fff690d6000 	/usr/lib/libbsm.0.dylib
0x00007fff6c106000 	/usr/lib/system/libkxld.dylib
0x00007fff500b5000 	/System/Library/PrivateFrameworks/AppleFSCompression.framework/Versions/A/AppleFSCompression
0x00007fff68d72000 	/usr/lib/libOpenScriptingUtil.dylib
0x00007fff693fe000 	/usr/lib/libcoretls.dylib
0x00007fff69415000 	/usr/lib/libcoretls_cfhelpers.dylib
0x00007fff6b043000 	/usr/lib/libpam.2.dylib
0x00007fff6b203000 	/usr/lib/libsqlite3.dylib
0x00007fff6b664000 	/usr/lib/libxar.1.dylib
0x00007fff690e7000 	/usr/lib/libbz2.1.0.dylib
0x00007fff6a01a000 	/usr/lib/liblzma.5.dylib
0x00007fff6a4cb000 	/usr/lib/libnetwork.dylib
0x00007fff68f42000 	/usr/lib/libapple_nghttp2.dylib
0x00007fff6b04a000 	/usr/lib/libpcap.A.dylib
0x00007fff4122c000 	/System/Library/Frameworks/CoreServices.framework/Versions/A/Frameworks/FSEvents.framework/Versions/A/FSEvents
0x00007fff40f0b000 	/System/Library/Frameworks/CoreServices.framework/Versions/A/Frameworks/CarbonCore.framework/Versions/A/CarbonCore
0x00007fff413e8000 	/System/Library/Frameworks/CoreServices.framework/Versions/A/Frameworks/Metadata.framework/Versions/A/Metadata
0x00007fff41487000 	/System/Library/Frameworks/CoreServices.framework/Versions/A/Frameworks/OSServices.framework/Versions/A/OSServices
0x00007fff414d2000 	/System/Library/Frameworks/CoreServices.framework/Versions/A/Frameworks/SearchKit.framework/Versions/A/SearchKit
0x00007fff40e8e000 	/System/Library/Frameworks/CoreServices.framework/Versions/A/Frameworks/AE.framework/Versions/A/AE
0x00007fff41235000 	/System/Library/Frameworks/CoreServices.framework/Versions/A/Frameworks/LaunchServices.framework/Versions/A/LaunchServices
0x00007fff411e3000 	/System/Library/Frameworks/CoreServices.framework/Versions/A/Frameworks/DictionaryServices.framework/Versions/A/DictionaryServices
0x00007fff4153a000 	/System/Library/Frameworks/CoreServices.framework/Versions/A/Frameworks/SharedFileList.framework/Versions/A/SharedFileList
0x00007fff45878000 	/System/Library/Frameworks/NetFS.framework/Versions/A/NetFS
0x00007fff5ee9f000 	/System/Library/PrivateFrameworks/NetAuth.framework/Versions/A/NetAuth
0x00007fff686db000 	/System/Library/PrivateFrameworks/login.framework/Versions/A/Frameworks/loginsupport.framework/Versions/A/loginsupport
0x00007fff667fe000 	/System/Library/PrivateFrameworks/TCC.framework/Versions/A/TCC
0x00007fff53e70000 	/System/Library/PrivateFrameworks/CoreNLP.framework/Versions/A/CoreNLP
0x00007fff5e939000 	/System/Library/PrivateFrameworks/MetadataUtilities.framework/Versions/A/MetadataUtilities
0x00007fff6a0ef000 	/usr/lib/libmecabra.dylib
0x00007fff3e0ea000 	/System/Library/Frameworks/ApplicationServices.framework/Versions/A/Frameworks/ATS.framework/Versions/A/ATS
0x00007fff3e439000 	/System/Library/Frameworks/ApplicationServices.framework/Versions/A/Frameworks/ColorSyncLegacy.framework/Versions/A/ColorSyncLegacy
0x00007fff3e4d8000 	/System/Library/Frameworks/ApplicationServices.framework/Versions/A/Frameworks/HIServices.framework/Versions/A/HIServices
0x00007fff3e52b000 	/System/Library/Frameworks/ApplicationServices.framework/Versions/A/Frameworks/LangAnalysis.framework/Versions/A/LangAnalysis
0x00007fff3e53b000 	/System/Library/Frameworks/ApplicationServices.framework/Versions/A/Frameworks/PrintCore.framework/Versions/A/PrintCore
0x00007fff3e585000 	/System/Library/Frameworks/ApplicationServices.framework/Versions/A/Frameworks/QD.framework/Versions/A/QD
0x00007fff3e5bf000 	/System/Library/Frameworks/ApplicationServices.framework/Versions/A/Frameworks/SpeechSynthesis.framework/Versions/A/SpeechSynthesis
0x00007fff69171000 	/usr/lib/libcompression.dylib
0x00007fff3fb54000 	/System/Library/Frameworks/CoreDisplay.framework/Versions/A/CoreDisplay
0x00007fff44a80000 	/System/Library/Frameworks/MetalPerformanceShaders.framework/Versions/A/MetalPerformanceShaders
0x00007fff3c0c6000 	/System/Library/Frameworks/Accelerate.framework/Versions/A/Frameworks/vImage.framework/Versions/A/vImage
0x00007fff3d140000 	/System/Library/Frameworks/Accelerate.framework/Versions/A/Frameworks/vecLib.framework/Versions/A/vecLib
0x00007fff3d08c000 	/System/Library/Frameworks/Accelerate.framework/Versions/A/Frameworks/vecLib.framework/Versions/A/libvMisc.dylib
0x00007fff3cea4000 	/System/Library/Frameworks/Accelerate.framework/Versions/A/Frameworks/vecLib.framework/Versions/A/libvDSP.dylib
0x00007fff3c760000 	/System/Library/Frameworks/Accelerate.framework/Versions/A/Frameworks/vecLib.framework/Versions/A/libBLAS.dylib
0x00007fff3ca4d000 	/System/Library/Frameworks/Accelerate.framework/Versions/A/Frameworks/vecLib.framework/Versions/A/libLAPACK.dylib
0x00007fff3cdf7000 	/System/Library/Frameworks/Accelerate.framework/Versions/A/Frameworks/vecLib.framework/Versions/A/libLinearAlgebra.dylib
0x00007fff3ce90000 	/System/Library/Frameworks/Accelerate.framework/Versions/A/Frameworks/vecLib.framework/Versions/A/libSparseBLAS.dylib
0x00007fff3ce0d000 	/System/Library/Frameworks/Accelerate.framework/Versions/A/Frameworks/vecLib.framework/Versions/A/libQuadrature.dylib
0x00007fff3c9da000 	/System/Library/Frameworks/Accelerate.framework/Versions/A/Frameworks/vecLib.framework/Versions/A/libBNNS.dylib
0x00007fff3ce13000 	/System/Library/Frameworks/Accelerate.framework/Versions/A/Frameworks/vecLib.framework/Versions/A/libSparse.dylib
0x00007fff5b1ab000 	/System/Library/PrivateFrameworks/GPUWrangler.framework/Versions/A/GPUWrangler
0x00007fff5d46f000 	/System/Library/PrivateFrameworks/IOAccelerator.framework/Versions/A/IOAccelerator
0x00007fff5d47a000 	/System/Library/PrivateFrameworks/IOPresentment.framework/Versions/A/IOPresentment
0x00007fff54c41000 	/System/Library/PrivateFrameworks/DSExternalDisplay.framework/Versions/A/DSExternalDisplay
0x00007fff48cf4000 	/System/Library/Frameworks/OpenGL.framework/Versions/A/Libraries/libCoreFSCache.dylib
0x00007fff44874000 	/System/Library/Frameworks/MetalPerformanceShaders.framework/Frameworks/MPSCore.framework/Versions/A/MPSCore
0x00007fff44894000 	/System/Library/Frameworks/MetalPerformanceShaders.framework/Frameworks/MPSImage.framework/Versions/A/MPSImage
0x00007fff44939000 	/System/Library/Frameworks/MetalPerformanceShaders.framework/Frameworks/MPSNeuralNetwork.framework/Versions/A/MPSNeuralNetwork
0x00007fff44911000 	/System/Library/Frameworks/MetalPerformanceShaders.framework/Frameworks/MPSMatrix.framework/Versions/A/MPSMatrix
0x00007fff44a65000 	/System/Library/Frameworks/MetalPerformanceShaders.framework/Frameworks/MPSRayIntersector.framework/Versions/A/MPSRayIntersector
0x00007fff5e962000 	/System/Library/PrivateFrameworks/MetalTools.framework/Versions/A/MetalTools
0x00007fff4f7b6000 	/System/Library/PrivateFrameworks/AggregateDictionary.framework/Versions/A/AggregateDictionary
0x00007fff68d53000 	/usr/lib/libMobileGestalt.dylib
0x00007fff419c9000 	/System/Library/Frameworks/CoreVideo.framework/Versions/A/CoreVideo
0x00007fff5bfb5000 	/System/Library/PrivateFrameworks/GraphVisualizer.framework/Versions/A/GraphVisualizer
0x00007fff55e3b000 	/System/Library/PrivateFrameworks/FaceCore.framework/Versions/A/FaceCore
0x00007fff48322000 	/System/Library/Frameworks/OpenCL.framework/Versions/A/OpenCL
0x00007fff68aab000 	/usr/lib/libFosl_dynamic.dylib
0x00007fff5f70a000 	/System/Library/PrivateFrameworks/OTSVG.framework/Versions/A/OTSVG
0x00007fff3e1ee000 	/System/Library/Frameworks/ApplicationServices.framework/Versions/A/Frameworks/ATS.framework/Versions/A/Resources/libFontParser.dylib
0x00007fff3e306000 	/System/Library/Frameworks/ApplicationServices.framework/Versions/A/Frameworks/ATS.framework/Versions/A/Resources/libFontRegistry.dylib
0x00007fff428c7000 	/System/Library/Frameworks/ImageIO.framework/Versions/A/Resources/libJPEG.dylib
0x00007fff42bd9000 	/System/Library/Frameworks/ImageIO.framework/Versions/A/Resources/libTIFF.dylib
0x00007fff42baf000 	/System/Library/Frameworks/ImageIO.framework/Versions/A/Resources/libPng.dylib
0x00007fff427e5000 	/System/Library/Frameworks/ImageIO.framework/Versions/A/Resources/libGIF.dylib
0x00007fff427ea000 	/System/Library/Frameworks/ImageIO.framework/Versions/A/Resources/libJP2.dylib
0x00007fff42bd6000 	/System/Library/Frameworks/ImageIO.framework/Versions/A/Resources/libRadiance.dylib
0x00007fff5020a000 	/System/Library/PrivateFrameworks/AppleJPEG.framework/Versions/A/AppleJPEG
0x00007fff48cff000 	/System/Library/Frameworks/OpenGL.framework/Versions/A/Libraries/libGFXShared.dylib
0x00007fff48ec2000 	/System/Library/Frameworks/OpenGL.framework/Versions/A/Libraries/libGLU.dylib
0x00007fff48d08000 	/System/Library/Frameworks/OpenGL.framework/Versions/A/Libraries/libGL.dylib
0x00007fff48d14000 	/System/Library/Frameworks/OpenGL.framework/Versions/A/Libraries/libGLImage.dylib
0x00007fff48cf1000 	/System/Library/Frameworks/OpenGL.framework/Versions/A/Libraries/libCVMSPluginSupport.dylib
0x00007fff48cfa000 	/System/Library/Frameworks/OpenGL.framework/Versions/A/Libraries/libCoreVMClient.dylib
0x00007fff69a88000 	/usr/lib/libcups.2.dylib
0x00007fff43d9c000 	/System/Library/Frameworks/Kerberos.framework/Versions/A/Kerberos
0x00007fff422cc000 	/System/Library/Frameworks/GSS.framework/Versions/A/GSS
0x00007fff6b198000 	/usr/lib/libresolv.9.dylib
0x00007fff69c7a000 	/usr/lib/libiconv.2.dylib
0x00007fff5c111000 	/System/Library/PrivateFrameworks/Heimdal.framework/Versions/A/Heimdal
0x00007fff69c4a000 	/usr/lib/libheimdal-asn1.dylib
0x00007fff48396000 	/System/Library/Frameworks/OpenDirectory.framework/Versions/A/OpenDirectory
0x00007fff52bd7000 	/System/Library/PrivateFrameworks/CommonAuth.framework/Versions/A/CommonAuth
0x00007fff4837a000 	/System/Library/Frameworks/OpenDirectory.framework/Versions/A/Frameworks/CFOpenDirectory.framework/Versions/A/CFOpenDirectory
0x00007fff4b435000 	/System/Library/Frameworks/SecurityFoundation.framework/Versions/A/SecurityFoundation
0x00007fff4ed11000 	/System/Library/PrivateFrameworks/APFS.framework/Versions/A/APFS
0x00007fff6b660000 	/usr/lib/libutil.dylib
0x00007fff6915f000 	/usr/lib/libcharset.1.dylib
0x00007fff504a7000 	/System/Library/PrivateFrameworks/AppleSauce.framework/Versions/A/AppleSauce
0x00007fff50628000 	/System/Library/PrivateFrameworks/AssertionServices.framework/Versions/A/AssertionServices
0x00007fff50f05000 	/System/Library/PrivateFrameworks/BaseBoard.framework/Versions/A/BaseBoard
0x00007fff6a04a000 	/usr/lib/libmecab.1.0.0.dylib
0x00007fff69c44000 	/usr/lib/libgermantok.dylib
0x00007fff68f2f000 	/usr/lib/libThaiTokenizer.dylib
0x00007fff689db000 	/usr/lib/libChineseTokenizer.dylib
0x00007fff5db26000 	/System/Library/PrivateFrameworks/LanguageModeling.framework/Versions/A/LanguageModeling
0x00007fff538b6000 	/System/Library/PrivateFrameworks/CoreEmoji.framework/Versions/A/CoreEmoji
0x00007fff5dc02000 	/System/Library/PrivateFrameworks/Lexicon.framework/Versions/A/Lexicon
0x00007fff5dc45000 	/System/Library/PrivateFrameworks/LinguisticData.framework/Versions/A/LinguisticData
0x00007fff69160000 	/usr/lib/libcmph.dylib
0x00007fff4b4f3000 	/System/Library/Frameworks/ServiceManagement.framework/Versions/A/ServiceManagement
0x00007fff50e66000 	/System/Library/PrivateFrameworks/BackgroundTaskManagement.framework/Versions/A/BackgroundTaskManagement
0x00007fff6b759000 	/usr/lib/libxslt.1.dylib
0x00007fff3f259000 	/System/Library/Frameworks/Carbon.framework/Versions/A/Frameworks/Ink.framework/Versions/A/Ink
0x00007fff66a70000 	/System/Library/PrivateFrameworks/TextureIO.framework/Versions/A/TextureIO
0x00007fff68f83000 	/usr/lib/libate.dylib
0x00007fff54b91000 	/System/Library/PrivateFrameworks/CrashReporterSupport.framework/Versions/A/CrashReporterSupport
0x00007fff64222000 	/System/Library/PrivateFrameworks/Sharing.framework/Versions/A/Sharing
0x00007fff50a07000 	/System/Library/PrivateFrameworks/AuthKit.framework/Versions/A/AuthKit
0x00007fff4fdb1000 	/System/Library/PrivateFrameworks/Apple80211.framework/Versions/A/Apple80211
0x00007fff5493d000 	/System/Library/PrivateFrameworks/CoreUtils.framework/Versions/A/CoreUtils
0x00007fff41a07000 	/System/Library/Frameworks/CoreWLAN.framework/Versions/A/CoreWLAN
0x00007fff423fb000 	/System/Library/Frameworks/IOBluetooth.framework/Versions/A/IOBluetooth
0x00007fff626ae000 	/System/Library/PrivateFrameworks/ProtocolBuffer.framework/Versions/A/ProtocolBuffer
0x00007fff5eb97000 	/System/Library/PrivateFrameworks/MobileKeyBag.framework/Versions/A/MobileKeyBag
0x00007fff54183000 	/System/Library/PrivateFrameworks/CorePhoneNumbers.framework/Versions/A/CorePhoneNumbers
0x00007fff501be000 	/System/Library/PrivateFrameworks/AppleIDAuthSupport.framework/Versions/A/AppleIDAuthSupport
0x00007fff5daf9000 	/System/Library/PrivateFrameworks/KeychainCircle.framework/Versions/A/KeychainCircle
0x00007fff62864000 	/System/Library/PrivateFrameworks/ROCKit.framework/Versions/A/ROCKit
0x00007fff54b2d000 	/System/Library/PrivateFrameworks/CoreWiFi.framework/Versions/A/CoreWiFi
0x00007fff3f7a4000 	/System/Library/Frameworks/CoreBluetooth.framework/Versions/A/CoreBluetooth
0x00007fff54d87000 	/System/Library/PrivateFrameworks/DebugSymbols.framework/Versions/A/DebugSymbols
0x00007fff546fe000 	/System/Library/PrivateFrameworks/CoreSymbolication.framework/Versions/A/CoreSymbolication
0x00007fff6628c000 	/System/Library/PrivateFrameworks/Symbolication.framework/Versions/A/Symbolication
0x00007fff65b2f000 	/System/Library/PrivateFrameworks/SpeechRecognitionCore.framework/Versions/A/SpeechRecognitionCore
0x000000010c600000 	/Library/Java/JavaVirtualMachines/jdk-10.0.2.jdk/Contents/Home/lib/server/libjvm.dylib
0x00007fff6b531000 	/usr/lib/libstdc++.6.dylib
0x000000010b414000 	/Library/Java/JavaVirtualMachines/jdk-10.0.2.jdk/Contents/Home/lib/libverify.dylib
0x000000010b421000 	/Library/Java/JavaVirtualMachines/jdk-10.0.2.jdk/Contents/Home/lib/libjava.dylib
0x000000010b46e000 	/Library/Java/JavaVirtualMachines/jdk-10.0.2.jdk/Contents/Home/lib/libjdwp.dylib
0x000000010b4ab000 	/Library/Java/JavaVirtualMachines/jdk-10.0.2.jdk/Contents/Home/lib/libinstrument.dylib
0x000000010b53f000 	/Library/Java/JavaVirtualMachines/jdk-10.0.2.jdk/Contents/Home/lib/libzip.dylib
0x000000010b547000 	/Library/Java/JavaVirtualMachines/jdk-10.0.2.jdk/Contents/Home/lib/libjimage.dylib
0x000000010b5ea000 	/Library/Java/JavaVirtualMachines/jdk-10.0.2.jdk/Contents/Home/lib/libnio.dylib
0x000000012fe92000 	/Library/Java/JavaVirtualMachines/jdk-10.0.2.jdk/Contents/Home/lib/./libnet.dylib
0x00000001187e0000 	/Library/Java/JavaVirtualMachines/jdk-10.0.2.jdk/Contents/Home/lib/libdt_socket.dylib


VM Arguments:
jvm_args: -agentlib:jdwp=transport=dt_socket,suspend=y,address=localhost:63041 -javaagent:/Users/shizhi/eclipse/java-photon/Eclipse.app/Contents/Eclipse/configuration/org.eclipse.osgi/231/0/.cp/lib/javaagent-shaded.jar -Dfile.encoding=UTF-8 --module-path=/Users/shizhi/Desktop/BitBox-Fine4/lib/commons-codec-1.7.jar 
java_command: unimelb.bitbox.Peer
java_class_path (initial): /Users/shizhi/Desktop/BitBox-Fine4/target/classes:/Users/shizhi/Desktop/BitBox-Fine4/lib/commons-codec-1.7.jar:/Users/shizhi/Desktop/BitBox-Fine4/lib/org-apache-commons-codec.jar:/Users/shizhi/Desktop/BitBox-Fine4/lib/fastjson-1.2.57.jar:/Users/shizhi/.m2/repository/com/googlecode/json-simple/json-simple/1.1.1/json-simple-1.1.1.jar:/Users/shizhi/.m2/repository/junit/junit/4.10/junit-4.10.jar:/Users/shizhi/.m2/repository/org/hamcrest/hamcrest-core/1.1/hamcrest-core-1.1.jar
Launcher Type: SUN_STANDARD

Logging:
Log output configuration:
#0: stdout all=warning uptime,level,tags
#1: stderr all=off uptime,level,tags

Environment Variables:
PATH=/usr/bin:/bin:/usr/sbin:/sbin
SHELL=/bin/bash

Signal Handlers:
SIGSEGV: [libjvm.dylib+0x79ac14], sa_mask[0]=11111111011111110111111111111111, sa_flags=SA_ONSTACK|SA_RESTART|SA_SIGINFO
SIGBUS: [libjvm.dylib+0x79ac14], sa_mask[0]=11111111011111110111111111111111, sa_flags=SA_RESTART|SA_SIGINFO
SIGFPE: [libjvm.dylib+0x79ac14], sa_mask[0]=11111111011111110111111111111111, sa_flags=SA_RESTART|SA_SIGINFO
SIGPIPE: [libjvm.dylib+0x635960], sa_mask[0]=11111111011111110111111111111111, sa_flags=SA_RESTART|SA_SIGINFO
SIGXFSZ: [libjvm.dylib+0x635960], sa_mask[0]=11111111011111110111111111111111, sa_flags=SA_RESTART|SA_SIGINFO
SIGILL: [libjvm.dylib+0x79ac14], sa_mask[0]=11111111011111110111111111111111, sa_flags=SA_RESTART|SA_SIGINFO
SIGUSR2: [libjvm.dylib+0x6361f0], sa_mask[0]=00100000000000000000000000000000, sa_flags=SA_RESTART|SA_SIGINFO
SIGHUP: [libjvm.dylib+0x6349db], sa_mask[0]=11111111011111110111111111111111, sa_flags=SA_RESTART|SA_SIGINFO
SIGINT: [libjvm.dylib+0x6349db], sa_mask[0]=11111111011111110111111111111111, sa_flags=SA_RESTART|SA_SIGINFO
SIGTERM: [libjvm.dylib+0x6349db], sa_mask[0]=11111111011111110111111111111111, sa_flags=SA_RESTART|SA_SIGINFO
SIGQUIT: [libjvm.dylib+0x6349db], sa_mask[0]=11111111011111110111111111111111, sa_flags=SA_RESTART|SA_SIGINFO


---------------  S Y S T E M  ---------------

OS:uname:Darwin 18.5.0 Darwin Kernel Version 18.5.0: Mon Mar 11 20:40:32 PDT 2019; root:xnu-4903.251.3~3/RELEASE_X86_64 x86_64
rlimit: STACK 8192k, CORE 0k, NPROC 709, NOFILE 10240, AS infinity, DATA infinity, FSIZE infinity
load average:1.44 1.69 1.78

CPU:total 8 (initial active 8) (4 cores per cpu, 2 threads per core) family 6 model 142 stepping 10, cmov, cx8, fxsr, mmx, sse, sse2, sse3, ssse3, sse4.1, sse4.2, popcnt, avx, avx2, aes, clmul, erms, 3dnowpref, lzcnt, ht, tsc, tscinvbit, bmi1, bmi2, adx, fma

Memory: 4k page, physical 8388608k(57088k free)

vm_info: Java HotSpot(TM) 64-Bit Server VM (10.0.2+13) for bsd-amd64 JRE (10.0.2+13), built on Jun 28 2018 00:49:51 by "mach5one" with gcc 4.2.1 Compatible Apple LLVM 6.1.0 (clang-602.0.49)

END.
